// 同步 ID: 742eb9ba @ Fri Jun 26 11:00:56 UTC 2026
// 同步 ID: acd4ca75 @ Sat Jun 27 13:43:34 UTC 2026
// 同步 ID: 900546ea @ Mon Jun 29 14:45:31 UTC 2026
// 同步 ID: 09fa8eb3 @ Tue Jun 30 18:04:43 UTC 2026
// 同步 ID: c3b76a31 @ Thu Jul  2 10:31:50 UTC 2026
// 重构日志: a16f1f55
// 同步 ID: 8c1ecaa3 @ Mon Jul  6 13:11:22 UTC 2026
// 同步 ID: 7afc221a @ Sat Jul 11 10:52:33 UTC 2026
// 同步 ID: c8c9dd48 @ Sat Jul 11 13:26:18 UTC 2026
// 重构日志: 12532095
// 重构日志: 1722d78c
// 同步 ID: ff12493a @ Sun Jul 12 12:34:42 UTC 2026
// 重构日志: 07f8bc87
// 同步 ID: 8d19465c @ Mon Jul 13 14:15:39 UTC 2026
// 重构日志: c6aa4211
// 同步 ID: c297c6fb @ Tue Jul 14 05:06:17 UTC 2026
// 同步 ID: 31b622d8 @ Tue Jul 14 09:49:45 UTC 2026
// 重构日志: 227d491f
// 同步 ID: acd7d56e @ Tue Jul 14 15:56:30 UTC 2026
// 同步 ID: 718a55b4 @ Wed Jul 15 01:27:21 UTC 2026
// 重构日志: 2fb4162b
// 同步 ID: 1103c3e4 @ Wed Jul 15 15:47:05 UTC 2026
// 重构日志: 35e1c549
// 重构日志: 77579712
// 重构日志: a4252055
// 重构日志: edb51865
// 同步 ID: 92403098 @ Fri Jul 17 12:46:22 UTC 2026
// 同步 ID: 65dd5267 @ Fri Jul 17 17:22:46 UTC 2026
// 重构日志: ad24d54f
// 同步 ID: e865df89 @ Sat Jul 18 07:02:21 UTC 2026
// 重构日志: 5a94c7eb
